Log file open, 05/10/19 01:47:54
LogWindows: Failed to load 'aqProf.dll' (GetLastError=126)
LogWindows: File 'aqProf.dll' does not exist
LogWindows: Failed to load 'VtuneApi.dll' (GetLastError=126)
LogWindows: File 'VtuneApi.dll' does not exist
LogWindows: Failed to load 'VtuneApi32e.dll' (GetLastError=126)
LogWindows: File 'VtuneApi32e.dll' does not exist
LogConsoleResponse: Display: Failed to find resolution value strings in scalability ini. Falling back to default.
LogInit: Display: Running engine for game: pinecodes_proj
LogPakFile: Registered encryption key '00000000000000000000000000000000': 0 pak files mounted, 0 remain pending
LogPlatformFile: Not using cached read wrapper
LogTaskGraph: Started task graph with 5 named threads and 23 total threads with 3 sets of task threads.
LogStats: Stats thread started at 0.629590
LogD3D11RHI: Loaded GFSDK_Aftermath_Lib.x64.dll
LogWindows: Failed to load '../../../Engine/Binaries/ThirdParty/libsndfile/Win64/libsndfile-1.dll' (GetLastError=126)
LogWindows: File '../../../Engine/Binaries/ThirdParty/libsndfile/Win64/libsndfile-1.dll' does not exist
LogAudioMixer: Display: Failed to load Sound File dll
LogAudioEditor: Display: LibSoundFile failed to load. Importing audio will not work correctly.
LogICUInternationalization: ICU TimeZone Detection - Raw Offset: -8:00, Platform Override: ''
LogPluginManager: Mounting plugin Paper2D
LogPluginManager: Mounting plugin AISupport
LogPluginManager: Mounting plugin LightPropagationVolume
LogPluginManager: Mounting plugin ActorLayerUtilities
LogPluginManager: Mounting plugin AnimationSharing
LogPluginManager: Mounting plugin CLionSourceCodeAccess
LogPluginManager: Mounting plugin CodeLiteSourceCodeAccess
LogPluginManager: Mounting plugin GitSourceControl
LogPluginManager: Mounting plugin KDevelopSourceCodeAccess
LogPluginManager: Mounting plugin NullSourceCodeAccess
LogPluginManager: Mounting plugin PerforceSourceControl
LogPluginManager: Mounting plugin SubversionSourceControl
LogPluginManager: Mounting plugin UObjectPlugin
LogPluginManager: Mounting plugin VisualStudioCodeSourceCodeAccess
LogPluginManager: Mounting plugin VisualStudioSourceCodeAccess
LogPluginManager: Mounting plugin XCodeSourceCodeAccess
LogPluginManager: Mounting plugin AssetManagerEditor
LogPluginManager: Mounting plugin CryptoKeys
LogPluginManager: Mounting plugin DataValidation
LogPluginManager: Mounting plugin FacialAnimation
LogPluginManager: Mounting plugin GameplayTagsEditor
LogPluginManager: Mounting plugin MacGraphicsSwitching
LogPluginManager: Mounting plugin MaterialAnalyzer
LogPluginManager: Mounting plugin MobileLauncherProfileWizard
LogPluginManager: Mounting plugin PluginBrowser
LogPluginManager: Mounting plugin SpeedTreeImporter
LogPluginManager: Mounting plugin DatasmithContent
LogPluginManager: Mounting plugin VariantManagerContent
LogPluginManager: Mounting plugin AlembicImporter
LogPluginManager: Mounting plugin AppleImageUtils
LogPluginManager: Mounting plugin AppleVision
LogPluginManager: Mounting plugin BackChannel
LogPluginManager: Mounting plugin CharacterAI
LogPluginManager: Mounting plugin GeometryCache
LogPluginManager: Mounting plugin HTML5Networking
LogPluginManager: Mounting plugin ProxyLODPlugin
LogPluginManager: Mounting plugin SkeletalReduction
LogPluginManager: Mounting plugin MagicLeap
LogPluginManager: Mounting plugin MagicLeapMedia
LogPluginManager: Mounting plugin AndroidMedia
LogPluginManager: Mounting plugin AvfMedia
LogPluginManager: Mounting plugin ImgMedia
LogPluginManager: Mounting plugin LinearTimecode
LogPluginManager: Mounting plugin MediaCompositing
LogPluginManager: Mounting plugin MediaPlayerEditor
LogPluginManager: Mounting plugin WebMMedia
LogPluginManager: Mounting plugin WmfMedia
LogPluginManager: Mounting plugin TcpMessaging
LogPluginManager: Mounting plugin UdpMessaging
LogPluginManager: Mounting plugin ActorSequence
LogPluginManager: Mounting plugin LevelSequenceEditor
LogPluginManager: Mounting plugin MatineeToLevelSequence
LogPluginManager: Mounting plugin NetcodeUnitTest
LogPluginManager: Mounting plugin NUTUnrealEngine4
LogPluginManager: Mounting plugin OnlineSubsystemGooglePlay
LogPluginManager: Mounting plugin OnlineSubsystemIOS
LogPluginManager: Mounting plugin OnlineSubsystem
LogPluginManager: Mounting plugin OnlineSubsystemNull
LogPluginManager: Mounting plugin OnlineSubsystemUtils
LogPluginManager: Mounting plugin LauncherChunkInstaller
LogPluginManager: Mounting plugin AndroidDeviceProfileSelector
LogPluginManager: Mounting plugin AndroidMoviePlayer
LogPluginManager: Mounting plugin AndroidPermission
LogPluginManager: Mounting plugin ApexDestruction
LogPluginManager: Mounting plugin AppleMoviePlayer
LogPluginManager: Mounting plugin ArchVisCharacter
LogPluginManager: Mounting plugin AudioCapture
LogPluginManager: Mounting plugin CableComponent
LogPluginManager: Mounting plugin CustomMeshComponent
LogPluginManager: Mounting plugin EditableMesh
LogPluginManager: Mounting plugin ExampleDeviceProfileSelector
LogPluginManager: Mounting plugin Firebase
LogPluginManager: Mounting plugin GoogleCloudMessaging
LogPluginManager: Mounting plugin IOSDeviceProfileSelector
LogPluginManager: Mounting plugin LinuxDeviceProfileSelector
LogPluginManager: Mounting plugin LocationServicesBPLibrary
LogPluginManager: Mounting plugin MobilePatchingUtils
LogPluginManager: Mounting plugin OculusVR
LogPluginManager: Mounting plugin PhysXVehicles
LogPluginManager: Mounting plugin ProceduralMeshComponent
LogPluginManager: Mounting plugin RuntimePhysXCooking
LogPluginManager: Mounting plugin SignificanceManager
LogPluginManager: Mounting plugin SteamVR
LogPluginManager: Mounting plugin WebMMoviePlayer
LogPluginManager: Mounting plugin WindowsMoviePlayer
LogInit: Using libcurl 7.55.1-DEV
LogInit:  - built for x86_64-pc-win32
LogInit:  - supports SSL with OpenSSL/1.1.1
LogInit:  - supports HTTP deflate (compression) using libz 1.2.8
LogInit:  - other features:
LogInit:      CURL_VERSION_SSL
LogInit:      CURL_VERSION_LIBZ
LogInit:      CURL_VERSION_IPV6
LogInit:      CURL_VERSION_ASYNCHDNS
LogInit:      CURL_VERSION_LARGEFILE
LogInit:      CURL_VERSION_IDN
LogInit:  CurlRequestOptions (configurable via config and command line):
LogInit:  - bVerifyPeer = true  - Libcurl will verify peer certificate
LogInit:  - bUseHttpProxy = false  - Libcurl will NOT use HTTP proxy
LogInit:  - bDontReuseConnections = false  - Libcurl will reuse connections
LogInit:  - MaxHostConnections = 16  - Libcurl will limit the number of connections to a host
LogInit:  - LocalHostAddr = Default
LogInit:  - BufferSize = 65536
LogInit: WinSock: version 1.1 (2.2), MaxSocks=32767, MaxUdp=65467
LogInit: Build: ++UE4+Release-4.22-CL-5660361
LogInit: Engine Version: 4.22.0-5660361+++UE4+Release-4.22
LogInit: Compatible Engine Version: 4.22.0-5660361+++UE4+Release-4.22
LogInit: Net CL: 5660361
LogInit: OS: Windows 10 (Release 1809) (), CPU: Intel(R) Xeon(R) CPU E3-1230 v3 @ 3.30GHz, GPU: NVIDIA Quadro K620
LogInit: Compiled (64-bit): Mar 31 2019 02:05:09
LogInit: Compiled with Visual C++: 19.16.27025.01
LogInit: Build Configuration: Development
LogInit: Branch Name: ++UE4+Release-4.22
LogInit: Command Line: 
LogInit: Base Directory: C:/Program Files/Epic Games/UE_4.22/Engine/Binaries/Win64/
LogInit: Installed Engine Build: 1
LogDevObjectVersion: Number of dev versions registered: 23
LogDevObjectVersion:   Dev-Blueprints (B0D832E4-1F89-4F0D-ACCF-7EB736FD4AA2): 10
LogDevObjectVersion:   Dev-Build (E1C64328-A22C-4D53-A36C-8E866417BD8C): 0
LogDevObjectVersion:   Dev-Core (375EC13C-06E4-48FB-B500-84F0262A717E): 3
LogDevObjectVersion:   Dev-Editor (E4B068ED-F494-42E9-A231-DA0B2E46BB41): 30
LogDevObjectVersion:   Dev-Framework (CFFC743F-43B0-4480-9391-14DF171D2073): 35
LogDevObjectVersion:   Dev-Mobile (B02B49B5-BB20-44E9-A304-32B752E40360): 2
LogDevObjectVersion:   Dev-Networking (A4E4105C-59A1-49B5-A7C5-40C4547EDFEE): 0
LogDevObjectVersion:   Dev-Online (39C831C9-5AE6-47DC-9A44-9C173E1C8E7C): 0
LogDevObjectVersion:   Dev-Physics (78F01B33-EBEA-4F98-B9B4-84EACCB95AA2): 0
LogDevObjectVersion:   Dev-Platform (6631380F-2D4D-43E0-8009-CF276956A95A): 0
LogDevObjectVersion:   Dev-Rendering (12F88B9F-8875-4AFC-A67C-D90C383ABD29): 28
LogDevObjectVersion:   Dev-Sequencer (7B5AE74C-D270-4C10-A958-57980B212A5A): 11
LogDevObjectVersion:   Dev-VR (D7296918-1DD6-4BDD-9DE2-64A83CC13884): 2
LogDevObjectVersion:   Dev-LoadTimes (C2A15278-BFE7-4AFE-6C17-90FF531DF755): 1
LogDevObjectVersion:   Private-Geometry (6EACA3D4-40EC-4CC1-B786-8BED09428FC5): 3
LogDevObjectVersion:   Dev-AnimPhys (29E575DD-E0A3-4627-9D10-D276232CDCEA): 17
LogDevObjectVersion:   Dev-Anim (AF43A65D-7FD3-4947-9873-3E8ED9C1BB05): 2
LogDevObjectVersion:   Dev-ReflectionCapture (6B266CEC-1EC7-4B8F-A30B-E4D90942FC07): 1
LogDevObjectVersion:   Dev-Automation (0DF73D61-A23F-47EA-B727-89E90C41499A): 1
LogDevObjectVersion:   FortniteMain (601D1886-AC64-4F84-AA16-D3DE0DEAC7D6): 25
LogDevObjectVersion:   Dev-Enterprise (9DFFBCD6-494F-0158-E221-12823C92A888): 6
LogDevObjectVersion:   Dev-Niagara (F2AED0AC-9AFE-416F-8664-AA7FFA26D6FC): 1
LogDevObjectVersion:   Dev-Destruction (174F1F0B-B4C6-45A5-B13F-2EE8D0FB917D): 2
LogInit: Presizing for max 16777216 objects, including 0 objects not considered by GC, pre-allocating 0 bytes for permanent pool.
LogInit: Object subsystem initialized
LogConfig: Setting CVar [[con.DebugEarlyDefault:1]]
LogConfig: Setting CVar [[r.setres:1280x720]]
[2019.05.10-08.47.55:727][  0]LogConfig: Setting CVar [[r.VSync:0]]
[2019.05.10-08.47.55:727][  0]LogConfig: Setting CVar [[r.RHICmdBypass:0]]
[2019.05.10-08.47.55:727][  0]LogConfig: Applying CVar settings from Section [/Script/Engine.RendererSettings] File [Z:/CS-357-1-CompGraphics/pinecodes_proj/Saved/Config/Windows/Engine.ini]
[2019.05.10-08.47.55:727][  0]LogConfig: Setting CVar [[r.GPUCrashDebugging:0]]
[2019.05.10-08.47.55:727][  0]LogConfig: Setting CVar [[r.DefaultFeature.AutoExposure.ExtendDefaultLuminanceRange:1]]
[2019.05.10-08.47.55:727][  0]LogConfig: Applying CVar settings from Section [/Script/Engine.RendererOverrideSettings] File [Z:/CS-357-1-CompGraphics/pinecodes_proj/Saved/Config/Windows/Engine.ini]
[2019.05.10-08.47.55:727][  0]LogConfig: Applying CVar settings from Section [/Script/Engine.StreamingSettings] File [Z:/CS-357-1-CompGraphics/pinecodes_proj/Saved/Config/Windows/Engine.ini]
[2019.05.10-08.47.55:727][  0]LogConfig: Setting CVar [[s.MinBulkDataSizeForAsyncLoading:131072]]
[2019.05.10-08.47.55:727][  0]LogConfig: Setting CVar [[s.AsyncLoadingThreadEnabled:0]]
[2019.05.10-08.47.55:727][  0]LogConfig: Setting CVar [[s.EventDrivenLoaderEnabled:1]]
[2019.05.10-08.47.55:727][  0]LogConfig: Setting CVar [[s.WarnIfTimeLimitExceeded:0]]
[2019.05.10-08.47.55:727][  0]LogConfig: Setting CVar [[s.TimeLimitExceededMultiplier:1.5]]
[2019.05.10-08.47.55:727][  0]LogConfig: Setting CVar [[s.TimeLimitExceededMinTime:0.005]]
[2019.05.10-08.47.55:727][  0]LogConfig: Setting CVar [[s.UseBackgroundLevelStreaming:1]]
[2019.05.10-08.47.55:727][  0]LogConfig: Setting CVar [[s.PriorityAsyncLoadingExtraTime:15.0]]
[2019.05.10-08.47.55:727][  0]LogConfig: Setting CVar [[s.LevelStreamingActorsUpdateTimeLimit:5.0]]
[2019.05.10-08.47.55:727][  0]LogConfig: Setting CVar [[s.PriorityLevelStreamingActorsUpdateExtraTime:5.0]]
[2019.05.10-08.47.55:727][  0]LogConfig: Setting CVar [[s.LevelStreamingComponentsRegistrationGranularity:10]]
[2019.05.10-08.47.55:727][  0]LogConfig: Setting CVar [[s.UnregisterComponentsTimeLimit:1.0]]
[2019.05.10-08.47.55:727][  0]LogConfig: Setting CVar [[s.LevelStreamingComponentsUnregistrationGranularity:5]]
[2019.05.10-08.47.55:727][  0]LogConfig: Applying CVar settings from Section [/Script/Engine.GarbageCollectionSettings] File [Z:/CS-357-1-CompGraphics/pinecodes_proj/Saved/Config/Windows/Engine.ini]
[2019.05.10-08.47.55:727][  0]LogConfig: Setting CVar [[gc.MaxObjectsNotConsideredByGC:1]]
[2019.05.10-08.47.55:727][  0]LogConfig: Setting CVar [[gc.SizeOfPermanentObjectPool:0]]
[2019.05.10-08.47.55:727][  0]LogConfig: Setting CVar [[gc.FlushStreamingOnGC:0]]
[2019.05.10-08.47.55:727][  0]LogConfig: Setting CVar [[gc.NumRetriesBeforeForcingGC:10]]
[2019.05.10-08.47.55:727][  0]LogConfig: Setting CVar [[gc.AllowParallelGC:1]]
[2019.05.10-08.47.55:727][  0]LogConfig: Setting CVar [[gc.TimeBetweenPurgingPendingKillObjects:61.1]]
[2019.05.10-08.47.55:727][  0]LogConfig: Setting CVar [[gc.MaxObjectsInEditor:16777216]]
[2019.05.10-08.47.55:727][  0]LogConfig: Setting CVar [[gc.IncrementalBeginDestroyEnabled:1]]
[2019.05.10-08.47.55:727][  0]LogConfig: Setting CVar [[gc.CreateGCClusters:1]]
[2019.05.10-08.47.55:727][  0]LogConfig: Setting CVar [[gc.MinGCClusterSize:5]]
[2019.05.10-08.47.55:727][  0]LogConfig: Setting CVar [[gc.ActorClusteringEnabled:0]]
[2019.05.10-08.47.55:727][  0]LogConfig: Setting CVar [[gc.BlueprintClusteringEnabled:0]]
[2019.05.10-08.47.55:727][  0]LogConfig: Setting CVar [[gc.UseDisregardForGCOnDedicatedServers:0]]
[2019.05.10-08.47.55:727][  0]LogConfig: Applying CVar settings from Section [/Script/Engine.NetworkSettings] File [Z:/CS-357-1-CompGraphics/pinecodes_proj/Saved/Config/Windows/Engine.ini]
[2019.05.10-08.47.55:727][  0]LogConfig: Applying CVar settings from Section [/Script/UnrealEd.CookerSettings] File [Z:/CS-357-1-CompGraphics/pinecodes_proj/Saved/Config/Windows/Engine.ini]
[2019.05.10-08.47.55:746][  0]LogConfig: Applying CVar settings from Section [ViewDistanceQuality@3] File [Z:/CS-357-1-CompGraphics/pinecodes_proj/Saved/Config/Windows/Scalability.ini]
[2019.05.10-08.47.55:746][  0]LogConfig: Setting CVar [[r.SkeletalMeshLODBias:0]]
[2019.05.10-08.47.55:746][  0]LogConfig: Setting CVar [[r.ViewDistanceScale:1.0]]
[2019.05.10-08.47.55:746][  0]LogConfig: Applying CVar settings from Section [AntiAliasingQuality@3] File [Z:/CS-357-1-CompGraphics/pinecodes_proj/Saved/Config/Windows/Scalability.ini]
[2019.05.10-08.47.55:746][  0]LogConfig: Setting CVar [[r.PostProcessAAQuality:4]]
[2019.05.10-08.47.55:746][  0]LogConfig: Applying CVar settings from Section [ShadowQuality@3] File [Z:/CS-357-1-CompGraphics/pinecodes_proj/Saved/Config/Windows/Scalability.ini]
[2019.05.10-08.47.55:746][  0]LogConfig: Setting CVar [[r.LightFunctionQuality:1]]
[2019.05.10-08.47.55:746][  0]LogConfig: Setting CVar [[r.ShadowQuality:5]]
[2019.05.10-08.47.55:746][  0]LogConfig: Setting CVar [[r.Shadow.CSM.MaxCascades:10]]
[2019.05.10-08.47.55:746][  0]LogConfig: Setting CVar [[r.Shadow.MaxResolution:2048]]
[2019.05.10-08.47.55:746][  0]LogConfig: Setting CVar [[r.Shadow.MaxCSMResolution:2048]]
[2019.05.10-08.47.55:746][  0]LogConfig: Setting CVar [[r.Shadow.RadiusThreshold:0.01]]
[2019.05.10-08.47.55:746][  0]LogConfig: Setting CVar [[r.Shadow.DistanceScale:1.0]]
[2019.05.10-08.47.55:746][  0]LogConfig: Setting CVar [[r.Shadow.CSM.TransitionScale:1.0]]
[2019.05.10-08.47.55:746][  0]LogConfig: Setting CVar [[r.Shadow.PreShadowResolutionFactor:1.0]]
[2019.05.10-08.47.55:746][  0]LogConfig: Setting CVar [[r.DistanceFieldShadowing:1]]
[2019.05.10-08.47.55:746][  0]LogConfig: Setting CVar [[r.DistanceFieldAO:1]]
[2019.05.10-08.47.55:747][  0]LogConfig: Setting CVar [[r.AOQuality:2]]
[2019.05.10-08.47.55:747][  0]LogConfig: Setting CVar [[r.VolumetricFog:1]]
[2019.05.10-08.47.55:747][  0]LogConfig: Setting CVar [[r.VolumetricFog.GridPixelSize:8]]
[2019.05.10-08.47.55:747][  0]LogConfig: Setting CVar [[r.VolumetricFog.GridSizeZ:128]]
[2019.05.10-08.47.55:747][  0]LogConfig: Setting CVar [[r.VolumetricFog.HistoryMissSupersampleCount:4]]
[2019.05.10-08.47.55:747][  0]LogConfig: Setting CVar [[r.LightMaxDrawDistanceScale:1]]
[2019.05.10-08.47.55:747][  0]LogConfig: Setting CVar [[r.CapsuleShadows:1]]
[2019.05.10-08.47.55:747][  0]LogConfig: Applying CVar settings from Section [PostProcessQuality@3] File [Z:/CS-357-1-CompGraphics/pinecodes_proj/Saved/Config/Windows/Scalability.ini]
[2019.05.10-08.47.55:747][  0]LogConfig: Setting CVar [[r.MotionBlurQuality:4]]
[2019.05.10-08.47.55:747][  0]LogConfig: Setting CVar [[r.AmbientOcclusionMipLevelFactor:0.4]]
[2019.05.10-08.47.55:747][  0]LogConfig: Setting CVar [[r.AmbientOcclusionMaxQuality:100]]
[2019.05.10-08.47.55:747][  0]LogConfig: Setting CVar [[r.AmbientOcclusionLevels:-1]]
[2019.05.10-08.47.55:747][  0]LogConfig: Setting CVar [[r.AmbientOcclusionRadiusScale:1.0]]
[2019.05.10-08.47.55:747][  0]LogConfig: Setting CVar [[r.DepthOfFieldQuality:2]]
[2019.05.10-08.47.55:747][  0]LogConfig: Setting CVar [[r.RenderTargetPoolMin:400]]
[2019.05.10-08.47.55:747][  0]LogConfig: Setting CVar [[r.LensFlareQuality:2]]
[2019.05.10-08.47.55:747][  0]LogConfig: Setting CVar [[r.SceneColorFringeQuality:1]]
[2019.05.10-08.47.55:747][  0]LogConfig: Setting CVar [[r.EyeAdaptationQuality:2]]
[2019.05.10-08.47.55:747][  0]LogConfig: Setting CVar [[r.BloomQuality:5]]
[2019.05.10-08.47.55:747][  0]LogConfig: Setting CVar [[r.FastBlurThreshold:100]]
[2019.05.10-08.47.55:747][  0]LogConfig: Setting CVar [[r.Upscale.Quality:3]]
[2019.05.10-08.47.55:747][  0]LogConfig: Setting CVar [[r.Tonemapper.GrainQuantization:1]]
[2019.05.10-08.47.55:747][  0]LogConfig: Setting CVar [[r.LightShaftQuality:1]]
[2019.05.10-08.47.55:747][  0]LogConfig: Setting CVar [[r.Filter.SizeScale:1]]
[2019.05.10-08.47.55:747][  0]LogConfig: Setting CVar [[r.Tonemapper.Quality:5]]
[2019.05.10-08.47.55:747][  0]LogConfig: Setting CVar [[r.DOF.Gather.AccumulatorQuality:1        ; higher gathering accumulator quality]]
[2019.05.10-08.47.55:747][  0]LogConfig: Setting CVar [[r.DOF.Gather.PostfilterMethod:1          ; Median3x3 postfilering method]]
[2019.05.10-08.47.55:747][  0]LogConfig: Setting CVar [[r.DOF.Gather.EnableBokehSettings:0       ; no bokeh simulation when gathering]]
[2019.05.10-08.47.55:747][  0]LogConfig: Setting CVar [[r.DOF.Gather.RingCount:4                 ; medium number of samples when gathering]]
[2019.05.10-08.47.55:747][  0]LogConfig: Setting CVar [[r.DOF.Scatter.ForegroundCompositing:1    ; additive foreground scattering]]
[2019.05.10-08.47.55:747][  0]LogConfig: Setting CVar [[r.DOF.Scatter.BackgroundCompositing:2    ; additive background scattering]]
[2019.05.10-08.47.55:747][  0]LogConfig: Setting CVar [[r.DOF.Scatter.EnableBokehSettings:1      ; bokeh simulation when scattering]]
[2019.05.10-08.47.55:747][  0]LogConfig: Setting CVar [[r.DOF.Scatter.MaxSpriteRatio:0.1         ; only a maximum of 10% of scattered bokeh]]
[2019.05.10-08.47.55:747][  0]LogConfig: Setting CVar [[r.DOF.Recombine.Quality:1                ; cheap slight out of focus]]
[2019.05.10-08.47.55:747][  0]LogConfig: Setting CVar [[r.DOF.Recombine.EnableBokehSettings:0    ; no bokeh simulation on slight out of focus]]
[2019.05.10-08.47.55:747][  0]LogConfig: Setting CVar [[r.DOF.TemporalAAQuality:1                ; more stable temporal accumulation]]
[2019.05.10-08.47.55:747][  0]LogConfig: Setting CVar [[r.DOF.Kernel.MaxForegroundRadius:0.025]]
[2019.05.10-08.47.55:747][  0]LogConfig: Setting CVar [[r.DOF.Kernel.MaxBackgroundRadius:0.025]]
[2019.05.10-08.47.55:747][  0]LogConfig: Applying CVar settings from Section [TextureQuality@3] File [Z:/CS-357-1-CompGraphics/pinecodes_proj/Saved/Config/Windows/Scalability.ini]
[2019.05.10-08.47.55:747][  0]LogConfig: Setting CVar [[r.Streaming.MipBias:0]]
[2019.05.10-08.47.55:747][  0]LogConfig: Setting CVar [[r.Streaming.AmortizeCPUToGPUCopy:0]]
[2019.05.10-08.47.55:747][  0]LogConfig: Setting CVar [[r.Streaming.MaxNumTexturesToStreamPerFrame:0]]
[2019.05.10-08.47.55:747][  0]LogConfig: Setting CVar [[r.Streaming.Boost:1]]
[2019.05.10-08.47.55:747][  0]LogConfig: Setting CVar [[r.MaxAnisotropy:8]]
[2019.05.10-08.47.55:747][  0]LogConfig: Setting CVar [[r.Streaming.LimitPoolSizeToVRAM:0]]
[2019.05.10-08.47.55:747][  0]LogConfig: Setting CVar [[r.Streaming.PoolSize:1000]]
[2019.05.10-08.47.55:747][  0]LogConfig: Setting CVar [[r.Streaming.MaxEffectiveScreenSize:0]]
[2019.05.10-08.47.55:747][  0]LogConfig: Applying CVar settings from Section [EffectsQuality@3] File [Z:/CS-357-1-CompGraphics/pinecodes_proj/Saved/Config/Windows/Scalability.ini]
[2019.05.10-08.47.55:747][  0]LogConfig: Setting CVar [[r.TranslucencyLightingVolumeDim:64]]
[2019.05.10-08.47.55:747][  0]LogConfig: Setting CVar [[r.RefractionQuality:2]]
[2019.05.10-08.47.55:747][  0]LogConfig: Setting CVar [[r.SSR.Quality:3]]
[2019.05.10-08.47.55:747][  0]LogConfig: Setting CVar [[r.SceneColorFormat:4]]
[2019.05.10-08.47.55:747][  0]LogConfig: Setting CVar [[r.DetailMode:2]]
[2019.05.10-08.47.55:747][  0]LogConfig: Setting CVar [[r.TranslucencyVolumeBlur:1]]
[2019.05.10-08.47.55:747][  0]LogConfig: Setting CVar [[r.MaterialQualityLevel:1 ; High quality]]
[2019.05.10-08.47.55:747][  0]LogConfig: Setting CVar [[r.SSS.Scale:1]]
[2019.05.10-08.47.55:747][  0]LogConfig: Setting CVar [[r.SSS.SampleSet:2]]
[2019.05.10-08.47.55:747][  0]LogConfig: Setting CVar [[r.SSS.Quality:1]]
[2019.05.10-08.47.55:747][  0]LogConfig: Setting CVar [[r.SSS.HalfRes:1]]
[2019.05.10-08.47.55:747][  0]LogConfig: Setting CVar [[r.EmitterSpawnRateScale:1.0]]
[2019.05.10-08.47.55:747][  0]LogConfig: Setting CVar [[r.ParticleLightQuality:2]]
[2019.05.10-08.47.55:747][  0]LogConfig: Applying CVar settings from Section [FoliageQuality@3] File [Z:/CS-357-1-CompGraphics/pinecodes_proj/Saved/Config/Windows/Scalability.ini]
[2019.05.10-08.47.55:747][  0]LogConfig: Setting CVar [[foliage.DensityScale:1.0]]
[2019.05.10-08.47.55:747][  0]LogConfig: Setting CVar [[grass.DensityScale:1.0]]
[2019.05.10-08.47.55:748][  0]LogInit: Selected Device Profile: [Windows]
[2019.05.10-08.47.55:748][  0]LogInit: Applying CVar settings loaded from the selected device profile: [Windows]
[2019.05.10-08.47.55:795][  0]LogHAL: Display: Platform has ~ 16 GB [17095077888 / 17179869184 / 16], which maps to Larger [LargestMinGB=32, LargerMinGB=12, DefaultMinGB=8, SmallerMinGB=6, SmallestMinGB=0)
[2019.05.10-08.47.55:795][  0]LogConfig: Setting CVar [[r.Vulkan.UseRealUBs:0		; Required until we fix HLR fall-out]]
[2019.05.10-08.47.55:795][  0]LogInit: Going up to parent DeviceProfile []
[2019.05.10-08.47.55:796][  0]LogConfig: Applying CVar settings from Section [ViewDistanceQuality@2] File [Z:/CS-357-1-CompGraphics/pinecodes_proj/Saved/Config/Windows/Scalability.ini]
[2019.05.10-08.47.55:796][  0]LogConfig: Setting CVar [[r.SkeletalMeshLODBias:0]]
[2019.05.10-08.47.55:796][  0]LogConfig: Setting CVar [[r.ViewDistanceScale:0.8]]
[2019.05.10-08.47.55:796][  0]LogConfig: Applying CVar settings from Section [AntiAliasingQuality@2] File [Z:/CS-357-1-CompGraphics/pinecodes_proj/Saved/Config/Windows/Scalability.ini]
[2019.05.10-08.47.55:796][  0]LogConfig: Setting CVar [[r.PostProcessAAQuality:3]]
[2019.05.10-08.47.55:796][  0]LogConfig: Applying CVar settings from Section [ShadowQuality@2] File [Z:/CS-357-1-CompGraphics/pinecodes_proj/Saved/Config/Windows/Scalability.ini]
[2019.05.10-08.47.55:796][  0]LogConfig: Setting CVar [[r.LightFunctionQuality:1]]
[2019.05.10-08.47.55:796][  0]LogConfig: Setting CVar [[r.ShadowQuality:5]]
[2019.05.10-08.47.55:796][  0]LogConfig: Setting CVar [[r.Shadow.CSM.MaxCascades:4]]
[2019.05.10-08.47.55:796][  0]LogConfig: Setting CVar [[r.Shadow.MaxResolution:1024]]
[2019.05.10-08.47.55:796][  0]LogConfig: Setting CVar [[r.Shadow.MaxCSMResolution:2048]]
[2019.05.10-08.47.55:796][  0]LogConfig: Setting CVar [[r.Shadow.RadiusThreshold:0.04]]
[2019.05.10-08.47.55:796][  0]LogConfig: Setting CVar [[r.Shadow.DistanceScale:0.85]]
[2019.05.10-08.47.55:796][  0]LogConfig: Setting CVar [[r.Shadow.CSM.TransitionScale:0.8]]
[2019.05.10-08.47.55:796][  0]LogConfig: Setting CVar [[r.Shadow.PreShadowResolutionFactor:0.5]]
[2019.05.10-08.47.55:796][  0]LogConfig: Setting CVar [[r.DistanceFieldShadowing:1]]
[2019.05.10-08.47.55:796][  0]LogConfig: Setting CVar [[r.DistanceFieldAO:1]]
[2019.05.10-08.47.55:796][  0]LogConfig: Setting CVar [[r.AOQuality:1]]
[2019.05.10-08.47.55:796][  0]LogConfig: Setting CVar [[r.VolumetricFog:1]]
[2019.05.10-08.47.55:796][  0]LogConfig: Setting CVar [[r.VolumetricFog.GridPixelSize:16]]
[2019.05.10-08.47.55:796][  0]LogConfig: Setting CVar [[r.VolumetricFog.GridSizeZ:64]]
[2019.05.10-08.47.55:796][  0]LogConfig: Setting CVar [[r.VolumetricFog.HistoryMissSupersampleCount:4]]
[2019.05.10-08.47.55:796][  0]LogConfig: Setting CVar [[r.LightMaxDrawDistanceScale:1]]
[2019.05.10-08.47.55:796][  0]LogConfig: Setting CVar [[r.CapsuleShadows:1]]
[2019.05.10-08.47.55:796][  0]LogConfig: Applying CVar settings from Section [PostProcessQuality@2] File [Z:/CS-357-1-CompGraphics/pinecodes_proj/Saved/Config/Windows/Scalability.ini]
[2019.05.10-08.47.55:796][  0]LogConfig: Setting CVar [[r.MotionBlurQuality:3]]
[2019.05.10-08.47.55:796][  0]LogConfig: Setting CVar [[r.AmbientOcclusionMipLevelFactor:0.6]]
[2019.05.10-08.47.55:796][  0]LogConfig: Setting CVar [[r.AmbientOcclusionMaxQuality:100]]
[2019.05.10-08.47.55:796][  0]LogConfig: Setting CVar [[r.AmbientOcclusionLevels:-1]]
[2019.05.10-08.47.55:796][  0]LogConfig: Setting CVar [[r.AmbientOcclusionRadiusScale:1.5]]
[2019.05.10-08.47.55:796][  0]LogConfig: Setting CVar [[r.DepthOfFieldQuality:2]]
[2019.05.10-08.47.55:796][  0]LogConfig: Setting CVar [[r.RenderTargetPoolMin:400]]
[2019.05.10-08.47.55:796][  0]LogConfig: Setting CVar [[r.LensFlareQuality:2]]
[2019.05.10-08.47.55:796][  0]LogConfig: Setting CVar [[r.SceneColorFringeQuality:1]]
[2019.05.10-08.47.55:796][  0]LogConfig: Setting CVar [[r.EyeAdaptationQuality:2]]
[2019.05.10-08.47.55:796][  0]LogConfig: Setting CVar [[r.BloomQuality:5]]
[2019.05.10-08.47.55:796][  0]LogConfig: Setting CVar [[r.FastBlurThreshold:3]]
[2019.05.10-08.47.55:796][  0]LogConfig: Setting CVar [[r.Upscale.Quality:2]]
[2019.05.10-08.47.55:796][  0]LogConfig: Setting CVar [[r.Tonemapper.GrainQuantization:1]]
[2019.05.10-08.47.55:796][  0]LogConfig: Setting CVar [[r.LightShaftQuality:1]]
[2019.05.10-08.47.55:796][  0]LogConfig: Setting CVar [[r.Filter.SizeScale:0.8]]
[2019.05.10-08.47.55:796][  0]LogConfig: Setting CVar [[r.Tonemapper.Quality:5]]
[2019.05.10-08.47.55:796][  0]LogConfig: Setting CVar [[r.DOF.Gather.AccumulatorQuality:0        ; lower gathering accumulator quality]]
[2019.05.10-08.47.55:796][  0]LogConfig: Setting CVar [[r.DOF.Gather.PostfilterMethod:2          ; Max3x3 postfilering method]]
[2019.05.10-08.47.55:796][  0]LogConfig: Setting CVar [[r.DOF.Gather.EnableBokehSettings:0       ; no bokeh simulation when gathering]]
[2019.05.10-08.47.55:796][  0]LogConfig: Setting CVar [[r.DOF.Gather.RingCount:4                 ; medium number of samples when gathering]]
[2019.05.10-08.47.55:796][  0]LogConfig: Setting CVar [[r.DOF.Scatter.ForegroundCompositing:1    ; additive foreground scattering]]
[2019.05.10-08.47.55:796][  0]LogConfig: Setting CVar [[r.DOF.Scatter.BackgroundCompositing:1    ; no background occlusion]]
[2019.05.10-08.47.55:796][  0]LogConfig: Setting CVar [[r.DOF.Scatter.EnableBokehSettings:0      ; no bokeh simulation when scattering]]
[2019.05.10-08.47.55:796][  0]LogConfig: Setting CVar [[r.DOF.Scatter.MaxSpriteRatio:0.04        ; only a maximum of 4% of scattered bokeh]]
[2019.05.10-08.47.55:796][  0]LogConfig: Setting CVar [[r.DOF.Recombine.Quality:0                ; no slight out of focus]]
[2019.05.10-08.47.55:796][  0]LogConfig: Setting CVar [[r.DOF.TemporalAAQuality:0                ; faster temporal accumulation]]
[2019.05.10-08.47.55:796][  0]LogConfig: Setting CVar [[r.DOF.Kernel.MaxForegroundRadius:0.012   ; required because of AccumulatorQuality=0]]
[2019.05.10-08.47.55:797][  0]LogConfig: Setting CVar [[r.DOF.Kernel.MaxBackgroundRadius:0.012   ; required because of AccumulatorQuality=0]]
[2019.05.10-08.47.55:797][  0]LogConfig: Applying CVar settings from Section [TextureQuality@2] File [Z:/CS-357-1-CompGraphics/pinecodes_proj/Saved/Config/Windows/Scalability.ini]
[2019.05.10-08.47.55:797][  0]LogConfig: Setting CVar [[r.Streaming.MipBias:0]]
[2019.05.10-08.47.55:797][  0]LogConfig: Setting CVar [[r.Streaming.AmortizeCPUToGPUCopy:0]]
[2019.05.10-08.47.55:797][  0]LogConfig: Setting CVar [[r.Streaming.MaxNumTexturesToStreamPerFrame:0]]
[2019.05.10-08.47.55:797][  0]LogConfig: Setting CVar [[r.Streaming.Boost:1]]
[2019.05.10-08.47.55:797][  0]LogConfig: Setting CVar [[r.MaxAnisotropy:4]]
[2019.05.10-08.47.55:797][  0]LogConfig: Setting CVar [[r.Streaming.LimitPoolSizeToVRAM:1]]
[2019.05.10-08.47.55:797][  0]LogConfig: Setting CVar [[r.Streaming.PoolSize:800]]
[2019.05.10-08.47.55:797][  0]LogConfig: Setting CVar [[r.Streaming.MaxEffectiveScreenSize:0]]
[2019.05.10-08.47.55:797][  0]LogConfig: Applying CVar settings from Section [EffectsQuality@2] File [Z:/CS-357-1-CompGraphics/pinecodes_proj/Saved/Config/Windows/Scalability.ini]
[2019.05.10-08.47.55:797][  0]LogConfig: Setting CVar [[r.TranslucencyLightingVolumeDim:48]]
[2019.05.10-08.47.55:797][  0]LogConfig: Setting CVar [[r.RefractionQuality:2]]
[2019.05.10-08.47.55:797][  0]LogConfig: Setting CVar [[r.SSR.Quality:2]]
[2019.05.10-08.47.55:797][  0]LogConfig: Setting CVar [[r.SceneColorFormat:3]]
[2019.05.10-08.47.55:797][  0]LogConfig: Setting CVar [[r.DetailMode:1]]
[2019.05.10-08.47.55:797][  0]LogConfig: Setting CVar [[r.TranslucencyVolumeBlur:1]]
[2019.05.10-08.47.55:797][  0]LogConfig: Setting CVar [[r.MaterialQualityLevel:1 ; High quality]]
[2019.05.10-08.47.55:797][  0]LogConfig: Setting CVar [[r.SSS.Scale:1]]
[2019.05.10-08.47.55:797][  0]LogConfig: Setting CVar [[r.SSS.SampleSet:1]]
[2019.05.10-08.47.55:797][  0]LogConfig: Setting CVar [[r.SSS.Quality:-1]]
[2019.05.10-08.47.55:797][  0]LogConfig: Setting CVar [[r.SSS.HalfRes:1]]
[2019.05.10-08.47.55:797][  0]LogConfig: Setting CVar [[r.EmitterSpawnRateScale:0.5]]
[2019.05.10-08.47.55:797][  0]LogConfig: Setting CVar [[r.ParticleLightQuality:1]]
[2019.05.10-08.47.55:797][  0]LogConfig: Applying CVar settings from Section [FoliageQuality@2] File [Z:/CS-357-1-CompGraphics/pinecodes_proj/Saved/Config/Windows/Scalability.ini]
[2019.05.10-08.47.55:797][  0]LogConfig: Setting CVar [[foliage.DensityScale:0.8]]
[2019.05.10-08.47.55:797][  0]LogConfig: Setting CVar [[grass.DensityScale:0.8]]
[2019.05.10-08.47.55:797][  0]LogConfig: Applying CVar settings from Section [Startup] File [../../../Engine/Config/ConsoleVariables.ini]
[2019.05.10-08.47.55:811][  0]LogConfig: Setting CVar [[net.UseAdaptiveNetUpdateFrequency:0]]
[2019.05.10-08.47.55:811][  0]LogConfig: Setting CVar [[p.chaos.AllowCreatePhysxBodies:1]]
[2019.05.10-08.47.55:811][  0]LogConfig: Applying CVar settings from Section [ConsoleVariables] File [Z:/CS-357-1-CompGraphics/pinecodes_proj/Saved/Config/Windows/Engine.ini]
[2019.05.10-08.47.55:813][  0]LogInit: Computer: LAB-SCI-214-12
[2019.05.10-08.47.55:813][  0]LogInit: User: asthapit21
[2019.05.10-08.47.55:813][  0]LogInit: CPU Page size=4096, Cores=4
[2019.05.10-08.47.55:813][  0]LogInit: High frequency timer resolution =10.000000 MHz
[2019.05.10-08.47.55:813][  0]LogMemory: Memory total: Physical=15.9GB (16GB approx)
[2019.05.10-08.47.55:813][  0]LogMemory: Platform Memory Stats for Windows
[2019.05.10-08.47.55:813][  0]LogMemory: Process Physical Memory: 97.14 MB used, 97.15 MB peak
[2019.05.10-08.47.55:813][  0]LogMemory: Process Virtual Memory: 92.94 MB used, 92.94 MB peak
[2019.05.10-08.47.55:813][  0]LogMemory: Physical Memory: 3441.60 MB used,  12861.54 MB free, 16303.14 MB total
[2019.05.10-08.47.55:813][  0]LogMemory: Virtual Memory: 4659.63 MB used,  134213072.00 MB free, 134217728.00 MB total
[2019.05.10-08.47.55:918][  0]LogInit: Using OS detected language (en-US).
[2019.05.10-08.47.55:918][  0]LogInit: Using OS detected locale (en-US).
[2019.05.10-08.47.55:921][  0]LogTextLocalizationManager: No specific localization for 'en-US' exists, so the 'en' localization will be used.
[2019.05.10-08.47.56:229][  0]LogInit: Setting process to per monitor DPI aware
[2019.05.10-08.47.56:327][  0]LogSlate: New Slate User Created.  User Index 0, Is Virtual User: 0
[2019.05.10-08.47.56:327][  0]LogSlate: Slate User Registered.  User Index 0, Is Virtual User: 0
[2019.05.10-08.47.57:919][  0]LogHMD: Failed to initialize OpenVR with code 110
[2019.05.10-08.47.57:919][  0]LogD3D11RHI: D3D11 adapters:
[2019.05.10-08.47.57:994][  0]LogD3D11RHI:    0. 'NVIDIA Quadro K620' (Feature Level 11_0)
[2019.05.10-08.47.57:994][  0]LogD3D11RHI:       2007/0/8151 MB DedicatedVideo/DedicatedSystem/SharedSystem, Outputs:2, VendorId:0x10de
[2019.05.10-08.47.57:998][  0]LogD3D11RHI:    1. 'Microsoft Basic Render Driver' (Feature Level 11_0)
[2019.05.10-08.47.57:998][  0]LogD3D11RHI:       0/0/8151 MB DedicatedVideo/DedicatedSystem/SharedSystem, Outputs:0, VendorId:0x1414
[2019.05.10-08.47.57:998][  0]LogD3D11RHI: Chosen D3D11 Adapter: 0
[2019.05.10-08.47.58:004][  0]LogD3D11RHI: Creating new Direct3DDevice
[2019.05.10-08.47.58:005][  0]LogD3D11RHI:     GPU DeviceId: 0x13bb (for the marketing name, search the web for "GPU Device Id")
[2019.05.10-08.47.58:005][  0]LogWindows: EnumDisplayDevices:
[2019.05.10-08.47.58:005][  0]LogWindows:    0. 'NVIDIA Quadro K620' (P:1 D:1)
[2019.05.10-08.47.58:005][  0]LogWindows:    1. 'NVIDIA Quadro K620' (P:0 D:1)
[2019.05.10-08.47.58:006][  0]LogWindows:    2. 'NVIDIA Quadro K620' (P:0 D:0)
[2019.05.10-08.47.58:006][  0]LogWindows:    3. 'NVIDIA Quadro K620' (P:0 D:0)
[2019.05.10-08.47.58:006][  0]LogWindows: DebugString: FoundDriverCount:4 
[2019.05.10-08.47.58:006][  0]LogD3D11RHI:     Adapter Name: NVIDIA Quadro K620
[2019.05.10-08.47.58:007][  0]LogD3D11RHI:   Driver Version: 398.36 (internal:24.21.13.9836, unified:398.36)
[2019.05.10-08.47.58:007][  0]LogD3D11RHI:      Driver Date: 6-24-2018
[2019.05.10-08.47.58:007][  0]LogRHI: Texture pool is 1405 MB (70% of 2007 MB)
[2019.05.10-08.47.58:055][  0]LogD3D11RHI: Async texture creation enabled
[2019.05.10-08.47.58:063][  0]LogRendererCore: FGlobalReadBuffer::InitRHI
[2019.05.10-08.47.58:064][  0]LogRendererCore: FGlobalReadBuffer::InitRHI
[2019.05.10-08.47.58:064][  0]LogRendererCore: FGlobalReadBuffer::InitRHI
[2019.05.10-08.47.58:078][  0]LogD3D11RHI: GPU Timing Frequency: 1000.000000 (Debug: 2 2)
[2019.05.10-08.47.58:561][  0]LogTemp: Display: Module 'AllDesktopTargetPlatform' loaded TargetPlatform 'AllDesktop'
[2019.05.10-08.47.58:583][  0]LogTemp: Display: Module 'MacClientTargetPlatform' loaded TargetPlatform 'MacClient'
[2019.05.10-08.47.58:605][  0]LogTemp: Display: Module 'MacNoEditorTargetPlatform' loaded TargetPlatform 'MacNoEditor'
[2019.05.10-08.47.58:627][  0]LogTemp: Display: Module 'MacServerTargetPlatform' loaded TargetPlatform 'MacServer'
[2019.05.10-08.47.58:652][  0]LogTemp: Display: Module 'MacTargetPlatform' loaded TargetPlatform 'Mac'
[2019.05.10-08.47.58:672][  0]LogTemp: Display: Module 'WindowsClientTargetPlatform' loaded TargetPlatform 'WindowsClient'
[2019.05.10-08.47.58:693][  0]LogTemp: Display: Module 'WindowsNoEditorTargetPlatform' loaded TargetPlatform 'WindowsNoEditor'
[2019.05.10-08.47.58:714][  0]LogTemp: Display: Module 'WindowsServerTargetPlatform' loaded TargetPlatform 'WindowsServer'
[2019.05.10-08.47.58:725][  0]LogTemp: Display: Module 'WindowsTargetPlatform' loaded TargetPlatform 'Windows'
[2019.05.10-08.47.58:864][  0]LogTemp: Display: Module 'AndroidTargetPlatform' loaded TargetPlatform 'Android'
[2019.05.10-08.47.58:864][  0]LogTemp: Display: Module 'AndroidTargetPlatform' loaded TargetPlatform 'Android_ASTC'
[2019.05.10-08.47.58:864][  0]LogTemp: Display: Module 'AndroidTargetPlatform' loaded TargetPlatform 'Android_ATC'
[2019.05.10-08.47.58:864][  0]LogTemp: Display: Module 'AndroidTargetPlatform' loaded TargetPlatform 'Android_DXT'
[2019.05.10-08.47.58:864][  0]LogTemp: Display: Module 'AndroidTargetPlatform' loaded TargetPlatform 'Android_ETC1'
[2019.05.10-08.47.58:864][  0]LogTemp: Display: Module 'AndroidTargetPlatform' loaded TargetPlatform 'Android_ETC1a'
[2019.05.10-08.47.58:865][  0]LogTemp: Display: Module 'AndroidTargetPlatform' loaded TargetPlatform 'Android_ETC2'
[2019.05.10-08.47.58:865][  0]LogTemp: Display: Module 'AndroidTargetPlatform' loaded TargetPlatform 'Android_PVRTC'
[2019.05.10-08.47.58:865][  0]LogTemp: Display: Module 'AndroidTargetPlatform' loaded TargetPlatform 'AndroidClient'
[2019.05.10-08.47.58:865][  0]LogTemp: Display: Module 'AndroidTargetPlatform' loaded TargetPlatform 'Android_ASTCClient'
[2019.05.10-08.47.58:865][  0]LogTemp: Display: Module 'AndroidTargetPlatform' loaded TargetPlatform 'Android_ATCClient'
[2019.05.10-08.47.58:865][  0]LogTemp: Display: Module 'AndroidTargetPlatform' loaded TargetPlatform 'Android_DXTClient'
[2019.05.10-08.47.58:865][  0]LogTemp: Display: Module 'AndroidTargetPlatform' loaded TargetPlatform 'Android_ETC1Client'
[2019.05.10-08.47.58:865][  0]LogTemp: Display: Module 'AndroidTargetPlatform' loaded TargetPlatform 'Android_ETC1aClient'
[2019.05.10-08.47.58:865][  0]LogTemp: Display: Module 'AndroidTargetPlatform' loaded TargetPlatform 'Android_ETC2Client'
[2019.05.10-08.47.58:865][  0]LogTemp: Display: Module 'AndroidTargetPlatform' loaded TargetPlatform 'Android_PVRTCClient'
[2019.05.10-08.47.58:865][  0]LogTemp: Display: Module 'AndroidTargetPlatform' loaded TargetPlatform 'Android_Multi'
[2019.05.10-08.47.58:865][  0]LogTemp: Display: Module 'AndroidTargetPlatform' loaded TargetPlatform 'Android_MultiClient'
[2019.05.10-08.47.58:867][  0]LogTemp: Display: Module 'HTML5TargetPlatform' loaded TargetPlatform 'HTML5'
[2019.05.10-08.47.58:939][  0]LogTemp: Display: Module 'IOSTargetPlatform' loaded TargetPlatform 'IOSClient'
[2019.05.10-08.47.58:939][  0]LogTemp: Display: Module 'IOSTargetPlatform' loaded TargetPlatform 'IOS'
[2019.05.10-08.47.58:975][  0]LogTemp: Display: Module 'TVOSTargetPlatform' loaded TargetPlatform 'TVOSClient'
[2019.05.10-08.47.58:975][  0]LogTemp: Display: Module 'TVOSTargetPlatform' loaded TargetPlatform 'TVOS'
[2019.05.10-08.47.58:995][  0]LogTemp: Display: Module 'LinuxClientTargetPlatform' loaded TargetPlatform 'LinuxClient'
[2019.05.10-08.47.59:014][  0]LogTemp: Display: Module 'LinuxNoEditorTargetPlatform' loaded TargetPlatform 'LinuxNoEditor'
[2019.05.10-08.47.59:032][  0]LogTemp: Display: Module 'LinuxServerTargetPlatform' loaded TargetPlatform 'LinuxServer'
[2019.05.10-08.47.59:060][  0]LogTemp: Display: Module 'LinuxTargetPlatform' loaded TargetPlatform 'Linux'
[2019.05.10-08.47.59:126][  0]LogTemp: Display: Module 'LuminTargetPlatform' loaded TargetPlatform 'Lumin'
[2019.05.10-08.47.59:126][  0]LogTemp: Display: Module 'LuminTargetPlatform' loaded TargetPlatform 'LuminClient'
[2019.05.10-08.47.59:126][  0]LogTargetPlatformManager: Display: Building Assets For Windows
[2019.05.10-08.47.59:140][  0]LogAudioDebug: Display: Lib vorbis DLL was dynamically loaded.
[2019.05.10-08.47.59:238][  0]LogShaderCompilers: Guid format shader working directory is 11 characters bigger than the processId version (Z:/CS-357-1-CompGraphics/pinecodes_proj/Intermediate/Shaders/WorkingDirectory/12244/).
[2019.05.10-08.47.59:238][  0]LogShaderCompilers: Cleaned the shader compiler working directory 'C:/Users/asthapit21/AppData/Local/Temp/UnrealShaderWorkingDir/C300DC7A4134121D5E279FA0D02AB3E6/'.
[2019.05.10-08.47.59:241][  0]LogXGEController: Cleaning working directory: C:/Users/asthapit21/AppData/Local/Temp/UnrealXGEWorkingDir/
[2019.05.10-08.47.59:242][  0]LogXGEController: Cannot use XGE Controller as Incredibuild is not installed on this machine.
[2019.05.10-08.47.59:242][  0]LogShaderCompilers: Cannot use XGE Shader Compiler as Incredibuild is not installed on this machine.
[2019.05.10-08.47.59:242][  0]LogShaderCompilers: Display: Using Local Shader Compiler.
[2019.05.10-08.48.01:042][  0]LogDerivedDataCache: Display: Max Cache Size: 512 MB
[2019.05.10-08.48.01:233][  0]LogDerivedDataCache: Loaded boot cache 0.19s 71MB C:/Users/asthapit21/AppData/Local/UnrealEngine/4.22/DerivedDataCache/Boot.ddc.
[2019.05.10-08.48.01:233][  0]LogDerivedDataCache: Display: Loaded Boot cache: C:/Users/asthapit21/AppData/Local/UnrealEngine/4.22/DerivedDataCache/Boot.ddc
[2019.05.10-08.48.01:234][  0]LogDerivedDataCache: FDerivedDataBackendGraph:  Pak pak cache file Z:/CS-357-1-CompGraphics/pinecodes_proj/DerivedDataCache/DDC.ddp not found, will not use a pak cache.
[2019.05.10-08.48.01:234][  0]LogDerivedDataCache: Unable to find inner node Pak for hierarchical cache Hierarchy.
[2019.05.10-08.48.01:235][  0]LogDerivedDataCache: FDerivedDataBackendGraph:  CompressedPak pak cache file Z:/CS-357-1-CompGraphics/pinecodes_proj/DerivedDataCache/Compressed.ddp not found, will not use a pak cache.
[2019.05.10-08.48.01:235][  0]LogDerivedDataCache: Unable to find inner node CompressedPak for hierarchical cache Hierarchy.
[2019.05.10-08.48.01:255][  0]LogDerivedDataCache: Display: Pak cache opened for reading ../../../Engine/DerivedDataCache/Compressed.ddp.
[2019.05.10-08.48.01:256][  0]LogDerivedDataCache: FDerivedDataBackendGraph:  EnterprisePak pak cache file ../../../Enterprise/DerivedDataCache/Compressed.ddp not found, will not use a pak cache.
[2019.05.10-08.48.01:256][  0]LogDerivedDataCache: Unable to find inner node EnterprisePak for hierarchical cache Hierarchy.
[2019.05.10-08.48.01:269][  0]LogDerivedDataCache: Using Local data cache path C:/Users/asthapit21/AppData/Local/UnrealEngine/Common/DerivedDataCache: Writable
[2019.05.10-08.48.01:269][  0]LogDerivedDataCache: Shared data cache path not found in *engine.ini, will not use an Shared cache.
[2019.05.10-08.48.01:269][  0]LogDerivedDataCache: Unable to find inner node Shared for hierarchical cache Hierarchy.
[2019.05.10-08.48.01:293][  0]LogMaterial: Verifying Global Shaders for PCD3D_SM5
[2019.05.10-08.48.01:300][  0]LogSlate: Using FreeType 2.6.0
[2019.05.10-08.48.01:312][  0]LogSlate: SlateFontServices - WITH_FREETYPE: 1, WITH_HARFBUZZ: 1
[2019.05.10-08.48.01:622][  0]LogAssetRegistry: FAssetRegistry took 0.0404 seconds to start up
[2019.05.10-08.48.02:243][  0]LogInit: Selected Device Profile: [Windows]
[2019.05.10-08.48.02:525][  0]LogMeshReduction: Using QuadricMeshReduction for automatic static mesh reduction
[2019.05.10-08.48.02:526][  0]LogMeshReduction: Using SimplygonMeshReduction for automatic skeletal mesh reduction
[2019.05.10-08.48.02:526][  0]LogMeshReduction: Using ProxyLODMeshReduction for automatic mesh merging
[2019.05.10-08.48.02:526][  0]LogMeshReduction: No distributed automatic mesh merging module available
[2019.05.10-08.48.02:526][  0]LogMeshMerging: No distributed automatic mesh merging module available
[2019.05.10-08.48.02:587][  0]LogNetVersion: pinecodes_proj 1.0.0, NetCL: 5660361, EngineNetVer: 10, GameNetVer: 0 (Checksum: 1252359674)
[2019.05.10-08.48.03:898][  0]LogPackageLocalizationCache: Processed 10 localized package path(s) for 1 prioritized culture(s) in 0.271460 seconds
[2019.05.10-08.48.03:905][  0]LogUObjectArray: 42205 objects as part of root set at end of initial load.
[2019.05.10-08.48.03:905][  0]LogUObjectAllocator: 7325032 out of 0 bytes used by permanent object pool.
[2019.05.10-08.48.03:905][  0]LogUObjectArray: CloseDisregardForGC: 0/0 objects in disregard for GC pool
[2019.05.10-08.48.07:513][  0]LogTcpMessaging: Initializing TcpMessaging bridge
[2019.05.10-08.48.07:529][  0]LogUdpMessaging: Initializing bridge on interface 0.0.0.0:0 to multicast group 230.0.0.1:6666.
[2019.05.10-08.48.07:530][  0]LogDirectoryWatcher: A directory notification failed for 'Z:/CS-357-1-CompGraphics/pinecodes_proj/Content/' because it was empty or there was a buffer overflow. Attemping another request...
[2019.05.10-08.48.07:530][  0]LogDirectoryWatcher: A directory notification failed for 'Z:/CS-357-1-CompGraphics/pinecodes_proj/Content/' because it was empty or there was a buffer overflow. Attemping another request...
[2019.05.10-08.48.07:745][  0]SourceControl: Source control is disabled
[2019.05.10-08.48.07:745][  0]SourceControl: Source control is disabled
[2019.05.10-08.48.07:753][  0]SourceControl: Source control is disabled
[2019.05.10-08.48.07:757][  0]SourceControl: Source control is disabled
[2019.05.10-08.48.07:979][  0]LogAndroidPermission: UAndroidPermissionCallbackProxy::GetInstance
[2019.05.10-08.48.08:104][  0]LogOcInput: OculusInput pre-init called
[2019.05.10-08.48.08:908][  0]LogEngine: Initializing Engine...
[2019.05.10-08.48.08:909][  0]LogHMD: Failed to initialize OpenVR with code 110
[2019.05.10-08.48.08:913][  0]LogStats: UGameplayTagsManager::InitializeManager -  0.002 s
[2019.05.10-08.48.09:275][  0]LogInit: Initializing FReadOnlyCVARCache
[2019.05.10-08.48.09:332][  0]LogAIModule: Creating AISystem for world Untitled
[2019.05.10-08.48.09:355][  0]LogInit: XAudio2 using 'Headphones (High Definition Audio Device)' : 2 channels at 48 kHz using 16 bits per sample (channel mask 0x3)
[2019.05.10-08.48.09:376][  0]LogInit: FAudioDevice initialized.
[2019.05.10-08.48.09:376][  0]LogNetVersion: Set ProjectVersion to 1.0.0.0. Version Checksum will be recalculated on next use.
[2019.05.10-08.48.09:450][  0]LogDerivedDataCache: Saved boot cache 0.07s 71MB C:/Users/asthapit21/AppData/Local/UnrealEngine/4.22/DerivedDataCache/Boot.ddc.
[2019.05.10-08.48.09:455][  0]LogInit: Texture streaming: Enabled
[2019.05.10-08.48.09:481][  0]LogEngineSessionManager: EngineSessionManager initialized
[2019.05.10-08.48.09:650][  0]LogInit: Transaction tracking system initialized
[2019.05.10-08.48.09:749][  0]BlueprintLog: New page: Editor Load
[2019.05.10-08.48.09:963][  0]LocalizationService: Localization service is disabled
[2019.05.10-08.48.10:791][  0]LogCook: Display: Max memory allowance for cook 16384mb min free memory 0mb
[2019.05.10-08.48.10:791][  0]LogCook: Display: Mobile HDR setting 1
[2019.05.10-08.48.11:262][  0]LogFileCache: Scanning file cache for directory 'Z:/CS-357-1-CompGraphics/pinecodes_proj/Content/' took 0.09s
[2019.05.10-08.48.11:262][  0]SourceControl: Source control is disabled
[2019.05.10-08.48.11:358][  0]LogSlate: Took 0.005335 seconds to synchronously load lazily loaded font '../../../Engine/Content/Slate/Fonts/Roboto-Regular.ttf' (155K)
[2019.05.10-08.48.31:398][  0]LogSlate: Window 'Restore Packages' being destroyed
[2019.05.10-08.48.31:399][  0]LogWindowsTextInputMethodSystem: Display: IME system now deactivated.
[2019.05.10-08.48.31:400][  0]LogWindowsTextInputMethodSystem: Display: IME system now deactivated.
[2019.05.10-08.48.37:842][  0]LogSlate: Window 'Unable to Check Out From Source Control!' being destroyed
[2019.05.10-08.48.37:843][  0]LogWindowsTextInputMethodSystem: Display: IME system now deactivated.
[2019.05.10-08.48.37:847][  0]LogWindowsTextInputMethodSystem: Display: IME system now deactivated.
[2019.05.10-08.48.37:948][  0]Cmd: MAP LOAD FILE="Z:/CS-357-1-CompGraphics/pinecodes_proj/Content/StarterContent/Maps/Minimal_Default.umap" TEMPLATE=0 SHOWPROGRESS=1 FEATURELEVEL=3
[2019.05.10-08.48.37:959][  0]LightingResults: New page: Lighting Build
[2019.05.10-08.48.37:969][  0]MapCheck: New page: Map Check
[2019.05.10-08.48.37:969][  0]LightingResults: New page: Lighting Build
[2019.05.10-08.48.38:002][  0]LogUObjectHash: Compacting FUObjectHashTables data took   2.60ms
[2019.05.10-08.48.41:838][  0]LogAIModule: Creating AISystem for world Minimal_Default
[2019.05.10-08.48.42:344][  0]LogEditorServer: Finished looking for orphan Actors (0.000 secs)
[2019.05.10-08.48.42:380][  0]LogUObjectHash: Compacting FUObjectHashTables data took   3.01ms
[2019.05.10-08.48.42:381][  0]Cmd: MAP CHECKDEP NOCLEARLOG
[2019.05.10-08.48.42:384][  0]MapCheck: Map check complete: 0 Error(s), 0 Warning(s), took 1.887ms to complete.
[2019.05.10-08.48.42:384][  0]LogFileHelpers: Loading map 'Minimal_Default' took 4.436
[2019.05.10-08.48.42:497][  0]LogSlate: Updating window title bar state: overlay mode, drag disabled, window buttons hidden, title bar hidden
[2019.05.10-08.48.42:506][  0]LogSlate: Updating window title bar state: overlay mode, drag disabled, window buttons hidden, title bar hidden
[2019.05.10-08.48.42:513][  0]LogSlate: Updating window title bar state: overlay mode, drag disabled, window buttons hidden, title bar hidden
[2019.05.10-08.48.42:521][  0]LogSlate: Updating window title bar state: overlay mode, drag disabled, window buttons hidden, title bar hidden
[2019.05.10-08.48.42:544][  0]LogCollectionManager: Loaded 0 collections in 0.006541 seconds
[2019.05.10-08.48.42:579][  0]LogFileCache: Scanning file cache for directory 'Z:/CS-357-1-CompGraphics/pinecodes_proj/Saved/Collections/' took 0.01s
[2019.05.10-08.48.42:579][  0]LogFileCache: Scanning file cache for directory 'Z:/CS-357-1-CompGraphics/pinecodes_proj/Content/Developers/asthapit21/Collections/' took 0.00s
[2019.05.10-08.48.42:579][  0]LogFileCache: Scanning file cache for directory 'Z:/CS-357-1-CompGraphics/pinecodes_proj/Content/Collections/' took 0.00s
[2019.05.10-08.48.42:579][  0]LogCollectionManager: Rebuilt the GUID cache for 0 collections in 0.000000 seconds
[2019.05.10-08.48.42:590][  0]LogContentBrowser: Native class hierarchy populated in 0.0095 seconds. Added 2741 classes and 664 folders.
[2019.05.10-08.48.42:603][  0]LogContentBrowser: Native class hierarchy updated for 'WidgetCarousel' in 0.0004 seconds. Added 0 classes and 0 folders.
[2019.05.10-08.48.42:617][  0]LogPakFile: Registered encryption key '00000000000000000000000000000000': 0 pak files mounted, 0 remain pending
[2019.05.10-08.48.42:626][  0]LogPakFile: Registered encryption key '00000000000000000000000000000000': 0 pak files mounted, 0 remain pending
[2019.05.10-08.48.42:640][  0]LogPakFile: Registered encryption key '00000000000000000000000000000000': 0 pak files mounted, 0 remain pending
[2019.05.10-08.48.42:647][  0]LogPakFile: Registered encryption key '00000000000000000000000000000000': 0 pak files mounted, 0 remain pending
[2019.05.10-08.48.42:654][  0]LogPakFile: Registered encryption key '00000000000000000000000000000000': 0 pak files mounted, 0 remain pending
[2019.05.10-08.48.42:660][  0]LogPakFile: Registered encryption key '00000000000000000000000000000000': 0 pak files mounted, 0 remain pending
[2019.05.10-08.48.42:665][  0]LogPakFile: Registered encryption key '00000000000000000000000000000000': 0 pak files mounted, 0 remain pending
[2019.05.10-08.48.42:671][  0]LogPakFile: Registered encryption key '00000000000000000000000000000000': 0 pak files mounted, 0 remain pending
[2019.05.10-08.48.42:678][  0]LogPakFile: Registered encryption key '00000000000000000000000000000000': 0 pak files mounted, 0 remain pending
[2019.05.10-08.48.42:685][  0]LogPakFile: Registered encryption key '00000000000000000000000000000000': 0 pak files mounted, 0 remain pending
[2019.05.10-08.48.42:692][  0]LogPakFile: Registered encryption key '00000000000000000000000000000000': 0 pak files mounted, 0 remain pending
[2019.05.10-08.48.42:698][  0]LogPakFile: Registered encryption key '00000000000000000000000000000000': 0 pak files mounted, 0 remain pending
[2019.05.10-08.48.42:705][  0]LogPakFile: Registered encryption key '00000000000000000000000000000000': 0 pak files mounted, 0 remain pending
[2019.05.10-08.48.42:711][  0]LogPakFile: Registered encryption key '00000000000000000000000000000000': 0 pak files mounted, 0 remain pending
[2019.05.10-08.48.42:717][  0]LogPakFile: Registered encryption key '00000000000000000000000000000000': 0 pak files mounted, 0 remain pending
[2019.05.10-08.48.42:722][  0]LogPakFile: Registered encryption key '00000000000000000000000000000000': 0 pak files mounted, 0 remain pending
[2019.05.10-08.48.42:748][  0]LogPakFile: Registered encryption key '00000000000000000000000000000000': 0 pak files mounted, 0 remain pending
[2019.05.10-08.48.42:754][  0]LogPakFile: Registered encryption key '00000000000000000000000000000000': 0 pak files mounted, 0 remain pending
[2019.05.10-08.48.42:758][  0]LogPakFile: Registered encryption key '00000000000000000000000000000000': 0 pak files mounted, 0 remain pending
[2019.05.10-08.48.42:763][  0]LogPakFile: Registered encryption key '00000000000000000000000000000000': 0 pak files mounted, 0 remain pending
[2019.05.10-08.48.42:768][  0]LogPakFile: Registered encryption key '00000000000000000000000000000000': 0 pak files mounted, 0 remain pending
[2019.05.10-08.48.42:772][  0]LogPakFile: Registered encryption key '00000000000000000000000000000000': 0 pak files mounted, 0 remain pending
[2019.05.10-08.48.42:778][  0]LogPakFile: Registered encryption key '00000000000000000000000000000000': 0 pak files mounted, 0 remain pending
[2019.05.10-08.48.42:783][  0]LogPakFile: Registered encryption key '00000000000000000000000000000000': 0 pak files mounted, 0 remain pending
[2019.05.10-08.48.42:787][  0]LogPakFile: Registered encryption key '00000000000000000000000000000000': 0 pak files mounted, 0 remain pending
[2019.05.10-08.48.42:792][  0]LogPakFile: Registered encryption key '00000000000000000000000000000000': 0 pak files mounted, 0 remain pending
[2019.05.10-08.48.42:968][  0]LogContentBrowser: Native class hierarchy updated for 'AddContentDialog' in 0.0004 seconds. Added 0 classes and 0 folders.
[2019.05.10-08.48.42:980][  0]LogContentBrowser: Native class hierarchy updated for 'SceneOutliner' in 0.0004 seconds. Added 1 classes and 2 folders.
[2019.05.10-08.48.43:024][  0]LogSlate: Took 0.005106 seconds to synchronously load lazily loaded font '../../../Engine/Content/Slate/Fonts/Roboto-Bold.ttf' (160K)
[2019.05.10-08.48.43:035][  0]LogSlate: Took 0.005766 seconds to synchronously load lazily loaded font '../../../Engine/Content/Editor/Slate/Fonts/FontAwesome.ttf' (139K)
[2019.05.10-08.48.43:130][  0]LogRenderer: Reallocating scene render targets to support 1248x644 Format 9 NumSamples 1 (Frame:1).
[2019.05.10-08.48.43:216][  0]LogSlate: Took 0.004911 seconds to synchronously load lazily loaded font '../../../Engine/Content/Slate/Fonts/Roboto-Light.ttf' (167K)
[2019.05.10-08.48.43:381][  0]LogContentBrowser: Native class hierarchy updated for 'HierarchicalLODOutliner' in 0.0004 seconds. Added 0 classes and 0 folders.
[2019.05.10-08.48.43:381][  0]LogLoad: (Engine Initialization) Total time: 53.93 seconds
[2019.05.10-08.48.43:381][  0]LogLoad: (Engine Initialization) Total Blueprint compile time: 0.00 seconds
[2019.05.10-08.48.43:442][  0]LogAssetRegistry: Asset discovery search completed in 41.8427 seconds
[2019.05.10-08.48.43:445][  0]LogCollectionManager: Rebuilt the object cache for 0 collections in 0.000000 seconds (found 0 objects)
[2019.05.10-08.48.43:445][  0]LogCollectionManager: Fixed up redirectors for 0 collections in 0.000047 seconds (updated 0 objects)
[2019.05.10-08.48.43:446][  0]LogContentStreaming: Texture pool size now 800 MB
[2019.05.10-08.48.43:738][  1]LogFileCache: Retrieving MD5 hashes for directory 'Z:/CS-357-1-CompGraphics/pinecodes_proj/Content/' took 0.33s
[2019.05.10-08.48.43:754][  1]LogDirectoryWatcher: A directory notification failed for 'Z:/CS-357-1-CompGraphics/pinecodes_proj/Content/' because it was empty or there was a buffer overflow. Attemping another request...
[2019.05.10-08.48.43:754][  1]LogDirectoryWatcher: A directory notification failed for 'Z:/CS-357-1-CompGraphics/pinecodes_proj/Content/', and we were unable to create a new request.
[2019.05.10-08.48.43:754][  1]LogDirectoryWatcher: A directory notification failed for 'Z:/CS-357-1-CompGraphics/pinecodes_proj/Content/' because it was empty or there was a buffer overflow. Attemping another request...
[2019.05.10-08.48.43:755][  1]LogDirectoryWatcher: A directory notification failed for 'Z:/CS-357-1-CompGraphics/pinecodes_proj/Content/', and we were unable to create a new request.
[2019.05.10-08.48.43:755][  1]LogDirectoryWatcher: A directory notification failed for 'Z:/CS-357-1-CompGraphics/pinecodes_proj/Saved/Collections/' because it was empty or there was a buffer overflow. Attemping another request...
[2019.05.10-08.48.43:755][  1]LogDirectoryWatcher: A directory notification failed for 'Z:/CS-357-1-CompGraphics/pinecodes_proj/Content/Developers/asthapit21/Collections/' because it was empty or there was a buffer overflow. Attemping another request...
[2019.05.10-08.48.43:755][  1]LogDirectoryWatcher: A directory notification failed for 'Z:/CS-357-1-CompGraphics/pinecodes_proj/Content/Collections/' because it was empty or there was a buffer overflow. Attemping another request...
[2019.05.10-08.48.44:078][  2]LogDirectoryWatcher: A directory notification failed for 'Z:/CS-357-1-CompGraphics/pinecodes_proj/Content/Collections/' because it was empty or there was a buffer overflow. Attemping another request...
[2019.05.10-08.48.44:078][  2]LogDirectoryWatcher: A directory notification failed for 'Z:/CS-357-1-CompGraphics/pinecodes_proj/Content/Collections/', and we were unable to create a new request.
[2019.05.10-08.48.44:078][  2]LogDirectoryWatcher: A directory notification failed for 'Z:/CS-357-1-CompGraphics/pinecodes_proj/Saved/Collections/' because it was empty or there was a buffer overflow. Attemping another request...
[2019.05.10-08.48.44:080][  2]LogDirectoryWatcher: A directory notification failed for 'Z:/CS-357-1-CompGraphics/pinecodes_proj/Saved/Collections/', and we were unable to create a new request.
[2019.05.10-08.48.44:080][  2]LogDirectoryWatcher: A directory notification failed for 'Z:/CS-357-1-CompGraphics/pinecodes_proj/Content/Developers/asthapit21/Collections/' because it was empty or there was a buffer overflow. Attemping another request...
[2019.05.10-08.48.44:080][  2]LogDirectoryWatcher: A directory notification failed for 'Z:/CS-357-1-CompGraphics/pinecodes_proj/Content/Developers/asthapit21/Collections/', and we were unable to create a new request.
[2019.05.10-08.48.44:748][  4]LogSlate: Took 0.000154 seconds to synchronously load lazily loaded font '../../../Engine/Content/Slate/Fonts/Roboto-Light.ttf' (167K)
[2019.05.10-08.48.51:402][699]LogSlate: FSceneViewport::OnFocusLost() reason 0
[2019.05.10-08.48.51:489][706]LogAssetEditorManager: Opening Asset editor for Blueprint /Game/Blueprints/blackhole.blackhole
[2019.05.10-08.48.51:864][706]LogContentBrowser: Native class hierarchy updated for 'BlueprintGraph' in 0.0007 seconds. Added 121 classes and 0 folders.
[2019.05.10-08.48.52:745][706]LogSlate: Took 0.004294 seconds to synchronously load lazily loaded font '../../../Engine/Content/Slate/Fonts/Roboto-BoldCondensed.ttf' (158K)
[2019.05.10-08.48.52:886][707]LogSlate: Took 0.004304 seconds to synchronously load lazily loaded font '../../../Engine/Content/Slate/Fonts/Roboto-Italic.ttf' (157K)
[2019.05.10-08.48.54:971][857]AssetReimport: New page: Outstanding source content changes 6:48:54 PM
[2019.05.10-08.48.54:990][857]LogEditorFactories: Performing atomic reimport of [Z:/CS-357-1-CompGraphics/pinecodes_proj/Content/models/grass2.fbx]
[2019.05.10-08.48.55:035][857]LogFbx: Loading FBX Scene from Z:/CS-357-1-CompGraphics/pinecodes_proj/Content/models/grass2.fbx
[2019.05.10-08.48.55:045][857]LogFbx: FBX Scene Loaded Succesfully
[2019.05.10-08.48.55:092][857]LogStaticMesh: Building static mesh grass2...
[2019.05.10-08.48.55:112][857]LogStaticMesh: Built static mesh [0.02s] /Game/models/grass2.grass2
[2019.05.10-08.48.55:141][857]LogEditorFactories: -- imported successfully
[2019.05.10-08.48.55:499][858]Cmd: OBJ SAVEPACKAGE PACKAGE="/Game/models/grass2" FILE="Z:/CS-357-1-CompGraphics/pinecodes_proj/Content/models/grass2.uasset" SILENT=true
[2019.05.10-08.48.56:141][858]LogSavePackage: Moving 'Z:/CS-357-1-CompGraphics/pinecodes_proj/Saved/grass2BC7AF99E4ED5F09ACCCF5AB35C53C9DF.tmp' to 'Z:/CS-357-1-CompGraphics/pinecodes_proj/Content/models/grass2.uasset'
[2019.05.10-08.48.59:175][167]AssetReimport: Reimported asset grass2 from Z:/CS-357-1-CompGraphics/pinecodes_proj/Content/models/grass2.fbx.
[2019.05.10-08.49.06:707][966]LogSlate: FSceneViewport::OnFocusLost() reason 0
[2019.05.10-08.49.06:784][975]LogTemp: Repeating last play command: Selected Viewport
[2019.05.10-08.49.06:798][975]LogBlueprintUserMessages: Early PlayInEditor Detection: Level '/Game/StarterContent/Maps/Minimal_Default.Minimal_Default:PersistentLevel' has LevelScriptBlueprint '/Game/StarterContent/Maps/Minimal_Default.Minimal_Default:PersistentLevel.Minimal_Default' with GeneratedClass '/Game/StarterContent/Maps/Minimal_Default.Minimal_Default_C' with ClassGeneratedBy '/Game/StarterContent/Maps/Minimal_Default.Minimal_Default:PersistentLevel.Minimal_Default'
[2019.05.10-08.49.06:798][975]LogPlayLevel: PlayLevel: No blueprints needed recompiling
[2019.05.10-08.49.06:799][975]PIE: New page: PIE session: Minimal_Default (May 9, 2019, 6:49:06 PM)
[2019.05.10-08.49.06:811][975]LogPlayLevel: Creating play world package: /Game/StarterContent/Maps/UEDPIE_0_Minimal_Default
[2019.05.10-08.49.06:847][975]LogPlayLevel: PIE: StaticDuplicateObject took: (0.034081s)
[2019.05.10-08.49.06:848][975]LogAIModule: Creating AISystem for world Minimal_Default
[2019.05.10-08.49.06:848][975]LogPlayLevel: PIE: World Init took: (0.000808s)
[2019.05.10-08.49.06:848][975]LogPlayLevel: PIE: Created PIE world by copying editor world from /Game/StarterContent/Maps/Minimal_Default.Minimal_Default to /Game/StarterContent/Maps/UEDPIE_0_Minimal_Default.Minimal_Default (0.037141s)
[2019.05.10-08.49.06:911][975]LogUObjectHash: Compacting FUObjectHashTables data took   6.29ms
[2019.05.10-08.49.06:924][975]LogInit: XAudio2 using 'Headphones (High Definition Audio Device)' : 2 channels at 48 kHz using 16 bits per sample (channel mask 0x3)
[2019.05.10-08.49.06:940][975]LogInit: FAudioDevice initialized.
[2019.05.10-08.49.06:985][975]LogLoad: Game class is 'gamemode1_C'
[2019.05.10-08.49.06:993][975]LogWorld: Bringing World /Game/StarterContent/Maps/UEDPIE_0_Minimal_Default.Minimal_Default up for play (max tick rate 0) at 2019.05.10-01.49.06
[2019.05.10-08.49.06:993][975]LogWorld: Bringing up level for play took: 0.006065
[2019.05.10-08.49.07:018][975]LogContentBrowser: Native class hierarchy updated for 'MovieSceneCapture' in 0.0006 seconds. Added 20 classes and 0 folders.
